
SQL*Plus: Release 12.1.0.2.0 Production on Thu Apr 5 16:12:50 2018

Copyright (c) 1982, 2014, Oracle.  All rights reserved.

SQL> SQL> Connected.
SQL> Flushing Shared Spool and Buffer Cache

SQL> 
================================ s1.sql =================================

SQL> 
Tracefile ID:

SQL> 
Session altered.

Elapsed: 00:00:00.03
SQL> 
lead() via scalar subquery

  1  with data as (
  2  	select tmain.id
  3  		, (select id from t1 where id = tmain.id -1 ) previous_id
  4  	from t1 tmain
  5  )
  6* select min(id), max(previous_id)  from data

   MIN(ID) MAX(PREVIOUS_ID)
---------- ----------------
         1           999999

1 row selected.

Elapsed: 00:00:17.14
SQL> 
Session altered.

Elapsed: 00:00:00.00
SQL> 



1 row selected.

Elapsed: 00:00:00.20
SQL> 
PLAN_TABLE_OUTPUT
----------------------------------------------------------------------------------------------------------------------------------------------------------------------------------------------------------------------------------------------------------
SQL_ID  gzb2mr5d53b0t, child number 0
-------------------------------------
with data as (  select tmain.id   , (select id from t1 where id =
tmain.id -1 ) previous_id  from t1 tmain ) select min(id),
max(previous_id)  from data

Plan hash value: 1032533278

-----------------------------------------------------------------------------------------------------------------------------------
| Id  | Operation          | Name      | Starts | E-Rows |E-Bytes| Cost (%CPU)| E-Time   | A-Rows |   A-Time   | Buffers | Reads  |
-----------------------------------------------------------------------------------------------------------------------------------
|   0 | SELECT STATEMENT   |           |      1 |        |       |   204 (100)|          |      1 |00:00:16.40 |   28237 |   3603 |
|*  1 |  INDEX RANGE SCAN  | T1_PK_IDX |   1000K|      1 |     5 |     2   (0)| 00:00:01 |    999K|00:00:09.56 |   26862 |   2231 |
|   2 |  SORT AGGREGATE    |           |      1 |      1 |     5 |            |          |      1 |00:00:16.40 |   28237 |   3603 |
|   3 |   TABLE ACCESS FULL| T1        |      1 |   1000K|  4882K|   204   (1)| 00:00:01 |   1000K|00:00:02.26 |    1375 |   1372 |
-----------------------------------------------------------------------------------------------------------------------------------

Query Block Name / Object Alias (identified by operation id):
-------------------------------------------------------------

   1 - SEL$2        / T1@SEL$2
   2 - SEL$F1D6E378
   3 - SEL$F1D6E378 / TMAIN@SEL$1

Predicate Information (identified by operation id):
---------------------------------------------------

   1 - access("ID"=:B1-1)

Column Projection Information (identified by operation id):
-----------------------------------------------------------

   1 - "ID"[NUMBER,22]
   2 - (#keys=0) MAX()[22], MIN("TMAIN"."ID")[22]
   3 - "TMAIN"."ID"[NUMBER,22]


36 rows selected.

Elapsed: 00:00:06.36
SQL> input files:
	'-'

where expression:
	((1) and ($dep==$depmin)) and ($nam=~/(?^:(?i).+)/)

group expression:
	$nam

matched call names:
	'CLOSE'
	'Disk file operations I/O'
	'EXEC'
	'FETCH'
	'PARSE'
	'SQL*Net message from client'
	'SQL*Net message to client'
	'db file scattered read'
	'db file sequential read'
	'row cache lock'

CALL-NAME                     DURATION       %  CALLS      MEAN       MIN       MAX
---------------------------  ---------  ------  -----  --------  --------  --------
FETCH                         8.512706   53.8%      2  4.256353  0.000000  8.512706
db file sequential read       6.215913   39.3%  2,247  0.002766  0.000082  0.737762
db file scattered read        1.084848    6.9%     26  0.041725  0.000509  0.287337
PARSE                         0.011997    0.1%      2  0.005999  0.000000  0.011997
SQL*Net message from client   0.002132    0.0%      3  0.000711  0.000294  0.001352
row cache lock                0.001912    0.0%      5  0.000382  0.000123  0.000717
Disk file operations I/O      0.000012    0.0%      2  0.000006  0.000003  0.000009
SQL*Net message to client     0.000006    0.0%      3  0.000002  0.000002  0.000002
CLOSE                         0.000000    0.0%      2  0.000000  0.000000  0.000000
EXEC                          0.000000    0.0%      2  0.000000  0.000000  0.000000
---------------------------  ---------  ------  -----  --------  --------  --------
TOTAL (10)                   15.829526  100.0%  2,294  0.006900  0.000000  8.512706

SQL> SQL> SQL> Disconnected from Oracle Database 11g Enterprise Edition Release 11.2.0.2.0 - 64bit Production
With the Partitioning, Real Application Clusters, Automatic Storage Management, OLAP,
Data Mining and Real Application Testing options

SQL*Plus: Release 12.1.0.2.0 Production on Thu Apr 5 16:13:22 2018

Copyright (c) 1982, 2014, Oracle.  All rights reserved.

SQL> SQL> Connected.
SQL> Flushing Shared Spool and Buffer Cache

SQL> 
================================ s2.sql =================================

SQL> 
Tracefile ID:

SQL> 
Session altered.

Elapsed: 00:00:00.03
SQL> 
lead() and lag() via scalar subquery

  1  with data as (
  2  	select tmain.id
  3  		, (select id from t1 where id = tmain.id -1 ) previous_id
  4  		,(select id from t1 where id = tmain.id +1 ) next_id
  5  	from t1 tmain
  6  )
  7* select min(id), max(previous_id)  from data

   MIN(ID) MAX(PREVIOUS_ID)
---------- ----------------
         1           999999

1 row selected.

Elapsed: 00:00:13.71
SQL> 
Session altered.

Elapsed: 00:00:00.00
SQL> 



1 row selected.

Elapsed: 00:00:00.09
SQL> 
PLAN_TABLE_OUTPUT
----------------------------------------------------------------------------------------------------------------------------------------------------------------------------------------------------------------------------------------------------------
SQL_ID  9yau1vfbyurk7, child number 0
-------------------------------------
with data as (  select tmain.id   , (select id from t1 where id =
tmain.id -1 ) previous_id   ,(select id from t1 where id = tmain.id +1
) next_id  from t1 tmain ) select min(id), max(previous_id)  from data

Plan hash value: 1032533278

-----------------------------------------------------------------------------------------------------------------------------------
| Id  | Operation          | Name      | Starts | E-Rows |E-Bytes| Cost (%CPU)| E-Time   | A-Rows |   A-Time   | Buffers | Reads  |
-----------------------------------------------------------------------------------------------------------------------------------
|   0 | SELECT STATEMENT   |           |      1 |        |       |   204 (100)|          |      1 |00:00:13.62 |   28092 |   3603 |
|*  1 |  INDEX RANGE SCAN  | T1_PK_IDX |   1000K|      1 |     5 |     2   (0)| 00:00:01 |    999K|00:00:07.77 |   26717 |   2231 |
|   2 |  SORT AGGREGATE    |           |      1 |      1 |     5 |            |          |      1 |00:00:13.62 |   28092 |   3603 |
|   3 |   TABLE ACCESS FULL| T1        |      1 |   1000K|  4882K|   204   (1)| 00:00:01 |   1000K|00:00:01.40 |    1375 |   1372 |
-----------------------------------------------------------------------------------------------------------------------------------

Query Block Name / Object Alias (identified by operation id):
-------------------------------------------------------------

   1 - SEL$2        / T1@SEL$2
   2 - SEL$16C51A37
   3 - SEL$16C51A37 / TMAIN@SEL$1

Predicate Information (identified by operation id):
---------------------------------------------------

   1 - access("ID"=:B1-1)

Column Projection Information (identified by operation id):
-----------------------------------------------------------

   1 - "ID"[NUMBER,22]
   2 - (#keys=0) MAX()[22], MIN("TMAIN"."ID")[22]
   3 - "TMAIN"."ID"[NUMBER,22]


36 rows selected.

Elapsed: 00:00:02.96
SQL> input files:
	'-'

where expression:
	((1) and ($dep==$depmin)) and ($nam=~/(?^:(?i).+)/)

group expression:
	$nam

matched call names:
	'CLOSE'
	'Disk file operations I/O'
	'EXEC'
	'FETCH'
	'PARSE'
	'SQL*Net message from client'
	'SQL*Net message to client'
	'db file scattered read'
	'db file sequential read'
	'row cache lock'

CALL-NAME                     DURATION       %  CALLS      MEAN       MIN       MAX
---------------------------  ---------  ------  -----  --------  --------  --------
FETCH                         8.455714   66.2%      2  4.227857  0.000000  8.455714
db file sequential read       3.993876   31.3%  2,255  0.001771  0.000074  0.539022
db file scattered read        0.294025    2.3%     26  0.011309  0.000601  0.103377
PARSE                         0.018997    0.1%      2  0.009498  0.000000  0.018997
row cache lock                0.002737    0.0%     24  0.000114  0.000005  0.000177
SQL*Net message from client   0.001349    0.0%      3  0.000450  0.000371  0.000555
SQL*Net message to client     0.000005    0.0%      3  0.000002  0.000001  0.000003
Disk file operations I/O      0.000005    0.0%      2  0.000002  0.000002  0.000003
CLOSE                         0.000000    0.0%      2  0.000000  0.000000  0.000000
EXEC                          0.000000    0.0%      2  0.000000  0.000000  0.000000
---------------------------  ---------  ------  -----  --------  --------  --------
TOTAL (10)                   12.766708  100.0%  2,321  0.005501  0.000000  8.455714

SQL> SQL> SQL> Disconnected from Oracle Database 11g Enterprise Edition Release 11.2.0.2.0 - 64bit Production
With the Partitioning, Real Application Clusters, Automatic Storage Management, OLAP,
Data Mining and Real Application Testing options

SQL*Plus: Release 12.1.0.2.0 Production on Thu Apr 5 16:13:46 2018

Copyright (c) 1982, 2014, Oracle.  All rights reserved.

SQL> SQL> Connected.
SQL> Flushing Shared Spool and Buffer Cache

SQL> 
================================ s3.sql =================================

SQL> 
Tracefile ID:

SQL> 
Session altered.

Elapsed: 00:00:00.17
SQL> 
lead() via outer join

  1  with data as (
  2  	select tmain.id
  3  		, (select id from t1 where id = tmain.id -1 ) previous_id
  4  	from t1 tmain
  5  	left outer join t1 aux on aux.id = tmain.id - 1
  6  )
  7* select min(id), max(previous_id)  from data

   MIN(ID) MAX(PREVIOUS_ID)
---------- ----------------
         1           999999

1 row selected.

Elapsed: 00:00:22.04
SQL> 
Session altered.

Elapsed: 00:00:00.01
SQL> 



1 row selected.

Elapsed: 00:00:00.57
SQL> 
PLAN_TABLE_OUTPUT
----------------------------------------------------------------------------------------------------------------------------------------------------------------------------------------------------------------------------------------------------------
SQL_ID  6hbsnsqbhfyqd, child number 0
-------------------------------------
with data as (  select tmain.id   , (select id from t1 where id =
tmain.id -1 ) previous_id  from t1 tmain  left outer join t1 aux on
aux.id = tmain.id - 1 ) select min(id), max(previous_id)  from data

Plan hash value: 977356071

-----------------------------------------------------------------------------------------------------------------------------------------------------------------------
| Id  | Operation           | Name      | Starts | E-Rows |E-Bytes|E-Temp | Cost (%CPU)| E-Time   | A-Rows |   A-Time   | Buffers | Reads  |  OMem |  1Mem | Used-Mem |
-----------------------------------------------------------------------------------------------------------------------------------------------------------------------
|   0 | SELECT STATEMENT    |           |      1 |        |       |       |   851 (100)|          |      1 |00:00:21.95 |   29468 |   3603 |       |       |          |
|*  1 |  INDEX RANGE SCAN   | T1_PK_IDX |   1000K|      1 |     5 |       |     2   (0)| 00:00:01 |    999K|00:00:06.82 |   26719 |   2231 |       |       |          |
|   2 |  SORT AGGREGATE     |           |      1 |      1 |    10 |       |            |          |      1 |00:00:21.95 |   29468 |   3603 |       |       |          |
|*  3 |   HASH JOIN OUTER   |           |      1 |   1000K|  9765K|    16M|   851   (2)| 00:00:01 |   1000K|00:00:10.47 |    2749 |   1372 |    34M|  6431K|   50M (0)|
|   4 |    TABLE ACCESS FULL| T1        |      1 |   1000K|  4882K|       |   204   (1)| 00:00:01 |   1000K|00:00:01.16 |    1375 |   1372 |       |       |          |
|   5 |    TABLE ACCESS FULL| T1        |      1 |   1000K|  4882K|       |   204   (1)| 00:00:01 |   1000K|00:00:01.10 |    1374 |      0 |       |       |          |
-----------------------------------------------------------------------------------------------------------------------------------------------------------------------

Query Block Name / Object Alias (identified by operation id):
-------------------------------------------------------------

   1 - SEL$4        / T1@SEL$4
   2 - SEL$0FFFA9DD
   4 - SEL$0FFFA9DD / TMAIN@SEL$2
   5 - SEL$0FFFA9DD / AUX@SEL$1

Predicate Information (identified by operation id):
---------------------------------------------------

   1 - access("ID"=:B1-1)
   3 - access("AUX"."ID"="TMAIN"."ID"-1)

Column Projection Information (identified by operation id):
-----------------------------------------------------------

   1 - "ID"[NUMBER,22]
   2 - (#keys=0) MAX()[22], MIN("TMAIN"."ID")[22]
   3 - (#keys=1) "TMAIN"."ID"[NUMBER,22]
   4 - "TMAIN"."ID"[NUMBER,22]
   5 - "AUX"."ID"[NUMBER,22]


42 rows selected.

Elapsed: 00:00:03.55
SQL> input files:
	'-'

where expression:
	((1) and ($dep==$depmin)) and ($nam=~/(?^:(?i).+)/)

group expression:
	$nam

matched call names:
	'CLOSE'
	'Disk file operations I/O'
	'EXEC'
	'FETCH'
	'PARSE'
	'SQL*Net message from client'
	'SQL*Net message to client'
	'asynch descriptor resize'
	'db file scattered read'
	'db file sequential read'
	'row cache lock'

CALL-NAME                     DURATION       %  CALLS      MEAN       MIN        MAX
---------------------------  ---------  ------  -----  --------  --------  ---------
FETCH                        17.439350   85.6%      2  8.719675  0.000000  17.439350
db file sequential read       2.792832   13.7%  2,255  0.001239  0.000096   0.292503
db file scattered read        0.117737    0.6%     26  0.004528  0.000564   0.014131
PARSE                         0.023996    0.1%      2  0.011998  0.000000   0.023996
row cache lock                0.003279    0.0%     23  0.000143  0.000006   0.000305
SQL*Net message from client   0.002041    0.0%      3  0.000680  0.000303   0.001018
Disk file operations I/O      0.000007    0.0%      2  0.000003  0.000003   0.000004
SQL*Net message to client     0.000006    0.0%      3  0.000002  0.000002   0.000002
asynch descriptor resize      0.000001    0.0%      1  0.000001  0.000001   0.000001
CLOSE                         0.000000    0.0%      2  0.000000  0.000000   0.000000
EXEC                          0.000000    0.0%      2  0.000000  0.000000   0.000000
---------------------------  ---------  ------  -----  --------  --------  ---------
TOTAL (11)                   20.379249  100.0%  2,321  0.008780  0.000000  17.439350

SQL> SQL> SQL> Disconnected from Oracle Database 11g Enterprise Edition Release 11.2.0.2.0 - 64bit Production
With the Partitioning, Real Application Clusters, Automatic Storage Management, OLAP,
Data Mining and Real Application Testing options

SQL*Plus: Release 12.1.0.2.0 Production on Thu Apr 5 16:14:17 2018

Copyright (c) 1982, 2014, Oracle.  All rights reserved.

SQL> SQL> Connected.
SQL> Flushing Shared Spool and Buffer Cache

SQL> 
================================ s4.sql =================================

SQL> 
Tracefile ID:

SQL> 
Session altered.

Elapsed: 00:00:00.02
SQL> 
lead() and lag() via 2 outer joins

  1  with data as (
  2  	select tmain.id
  3  		, (select id from t1 where id = tmain.id -1 ) previous_id
  4  	from t1 tmain
  5  	left outer join t1 aux on aux.id = tmain.id - 1
  6  	left outer join t1 aux on aux.id = tmain.id + 1
  7  )
  8* select min(id), max(previous_id)  from data

   MIN(ID) MAX(PREVIOUS_ID)
---------- ----------------
         1           999999

1 row selected.

Elapsed: 00:00:34.35
SQL> 
Session altered.

Elapsed: 00:00:00.00
SQL> 



1 row selected.

Elapsed: 00:00:00.12
SQL> 
PLAN_TABLE_OUTPUT
----------------------------------------------------------------------------------------------------------------------------------------------------------------------------------------------------------------------------------------------------------
SQL_ID  1c4rs8umcuths, child number 0
-------------------------------------
with data as (  select tmain.id   , (select id from t1 where id =
tmain.id -1 ) previous_id  from t1 tmain  left outer join t1 aux on
aux.id = tmain.id - 1  left outer join t1 aux on aux.id = tmain.id + 1
) select min(id), max(previous_id)  from data

Plan hash value: 3882027682

---------------------------------------------------------------------------------------------------------------------------------------------------------------------------------------------
| Id  | Operation              | Name      | Starts | E-Rows |E-Bytes|E-Temp | Cost (%CPU)| E-Time   | A-Rows |   A-Time   | Buffers | Reads  | Writes |  OMem |  1Mem | Used-Mem | Used-Tmp|
---------------------------------------------------------------------------------------------------------------------------------------------------------------------------------------------
|   0 | SELECT STATEMENT       |           |      1 |        |       |       |  1561 (100)|          |      1 |00:00:34.25 |    1291K|   9499 |   5850 |       |       |          |         |
|*  1 |  INDEX RANGE SCAN      | T1_PK_IDX |   1000K|      1 |     5 |       |     2   (0)| 00:00:01 |    999K|00:00:07.43 |    1287K|   2231 |      0 |       |       |          |         |
|   2 |  SORT AGGREGATE        |           |      1 |      1 |    15 |       |            |          |      1 |00:00:34.25 |    1291K|   9499 |   5850 |       |       |          |         |
|*  3 |   HASH JOIN RIGHT OUTER|           |      1 |   1000K|    14M|    16M|  1561   (1)| 00:00:01 |   1000K|00:00:22.09 |    4181 |   7268 |   5850 |    27M|  3871K|   36M (1)|   20480 |
|   4 |    TABLE ACCESS FULL   | T1        |      1 |   1000K|  4882K|       |   204   (1)| 00:00:01 |   1000K|00:00:01.58 |    1375 |   1371 |      0 |       |       |          |         |
|*  5 |    HASH JOIN OUTER     |           |      1 |   1000K|  9765K|    16M|   851   (2)| 00:00:01 |   1000K|00:00:11.39 |    2768 |   3589 |   3555 |    34M|  6431K|   29M (1)|   30720 |
|   6 |     TABLE ACCESS FULL  | T1        |      1 |   1000K|  4882K|       |   204   (1)| 00:00:01 |   1000K|00:00:00.97 |    1374 |      0 |      0 |       |       |          |         |
|   7 |     TABLE ACCESS FULL  | T1        |      1 |   1000K|  4882K|       |   204   (1)| 00:00:01 |   1000K|00:00:01.12 |    1374 |      0 |      0 |       |       |          |         |
---------------------------------------------------------------------------------------------------------------------------------------------------------------------------------------------

Query Block Name / Object Alias (identified by operation id):
-------------------------------------------------------------

   1 - SEL$6        / T1@SEL$6
   2 - SEL$26CC2CE7
   4 - SEL$26CC2CE7 / AUX@SEL$3
   6 - SEL$26CC2CE7 / TMAIN@SEL$2
   7 - SEL$26CC2CE7 / AUX@SEL$1

Predicate Information (identified by operation id):
---------------------------------------------------

   1 - access("ID"=:B1-1)
   3 - access("AUX"."ID"="TMAIN"."ID"+1)
   5 - access("AUX"."ID"="TMAIN"."ID"-1)

Column Projection Information (identified by operation id):
-----------------------------------------------------------

   1 - "ID"[NUMBER,22]
   2 - (#keys=0) MAX()[22], MIN("TMAIN"."ID")[22]
   3 - (#keys=1) "TMAIN"."ID"[NUMBER,22]
   4 - "AUX"."ID"[NUMBER,22]
   5 - (#keys=1) "TMAIN"."ID"[NUMBER,22]
   6 - "TMAIN"."ID"[NUMBER,22]
   7 - "AUX"."ID"[NUMBER,22]


49 rows selected.

Elapsed: 00:00:02.21
SQL> input files:
	'-'

where expression:
	((1) and ($dep==$depmin)) and ($nam=~/(?^:(?i).+)/)

group expression:
	$nam

matched call names:
	'CLOSE'
	'CSS initialization'
	'CSS operation: action'
	'CSS operation: query'
	'Disk file operations I/O'
	'EXEC'
	'FETCH'
	'PARSE'
	'SQL*Net message from client'
	'SQL*Net message to client'
	'asynch descriptor resize'
	'db file scattered read'
	'db file sequential read'
	'direct path read temp'
	'direct path write temp'
	'local write wait'

CALL-NAME                     DURATION       %  CALLS       MEAN       MIN        MAX
---------------------------  ---------  ------  -----  ---------  --------  ---------
FETCH                        26.170022   83.5%      2  13.085011  0.000000  26.170022
db file sequential read       2.591207    8.3%  2,269   0.001142  0.000101   0.227941
direct path read temp         1.794314    5.7%    210   0.008544  0.000083   0.589511
db file scattered read        0.504332    1.6%     26   0.019397  0.000591   0.073554
direct path write temp        0.172361    0.6%     24   0.007182  0.000263   0.034544
local write wait              0.076863    0.2%     87   0.000883  0.000220   0.010700
CSS initialization            0.013833    0.0%      2   0.006916  0.000011   0.013822
PARSE                         0.006000    0.0%      2   0.003000  0.000000   0.006000
SQL*Net message from client   0.004248    0.0%      3   0.001416  0.000352   0.003440
CSS operation: action         0.002697    0.0%      2   0.001349  0.001066   0.001631
CSS operation: query          0.000658    0.0%      6   0.000110  0.000001   0.000646
asynch descriptor resize      0.000027    0.0%      7   0.000004  0.000001   0.000015
Disk file operations I/O      0.000010    0.0%      3   0.000003  0.000003   0.000004
SQL*Net message to client     0.000005    0.0%      3   0.000002  0.000001   0.000002
CLOSE                         0.000000    0.0%      2   0.000000  0.000000   0.000000
EXEC                          0.000000    0.0%      2   0.000000  0.000000   0.000000
---------------------------  ---------  ------  -----  ---------  --------  ---------
TOTAL (16)                   31.336577  100.0%  2,650   0.011825  0.000000  26.170022

SQL> SQL> SQL> Disconnected from Oracle Database 11g Enterprise Edition Release 11.2.0.2.0 - 64bit Production
With the Partitioning, Real Application Clusters, Automatic Storage Management, OLAP,
Data Mining and Real Application Testing options

SQL*Plus: Release 12.1.0.2.0 Production on Thu Apr 5 16:14:56 2018

Copyright (c) 1982, 2014, Oracle.  All rights reserved.

SQL> SQL> Connected.
SQL> Flushing Shared Spool and Buffer Cache

SQL> 
================================ s5.sql =================================

SQL> 
Tracefile ID:

SQL> 
Session altered.

Elapsed: 00:00:00.02
SQL> 
lead() and lag() analytic functions

  1  with data as (
  2  	select tmain.id
  3  		, lag(tmain.id) over ( order by id ) previous_id
  4  		, lead(tmain.id) over ( order by id ) next_id
  5  	from t1 tmain
  6  )
  7* select min(id), max(previous_id)  from data

   MIN(ID) MAX(PREVIOUS_ID)
---------- ----------------
         1           999999

1 row selected.

Elapsed: 00:00:10.34
SQL> 
Session altered.

Elapsed: 00:00:00.00
SQL> 



1 row selected.

Elapsed: 00:00:00.07
SQL> 
PLAN_TABLE_OUTPUT
----------------------------------------------------------------------------------------------------------------------------------------------------------------------------------------------------------------------------------------------------------
SQL_ID  av8aqykvtxuc5, child number 0
-------------------------------------
with data as (  select tmain.id   , lag(tmain.id) over ( order by id )
previous_id   , lead(tmain.id) over ( order by id ) next_id  from t1
tmain ) select min(id), max(previous_id)  from data

Plan hash value: 3531436620

--------------------------------------------------------------------------------------------------------------------------------------------------------------
| Id  | Operation          | Name      | Starts | E-Rows |E-Bytes| Cost (%CPU)| E-Time   | A-Rows |   A-Time   | Buffers | Reads  |  OMem |  1Mem | Used-Mem |
--------------------------------------------------------------------------------------------------------------------------------------------------------------
|   0 | SELECT STATEMENT   |           |      1 |        |       |  2231 (100)|          |      1 |00:00:10.05 |    2228 |   2228 |       |       |          |
|   1 |  SORT AGGREGATE    |           |      1 |      1 |    26 |            |          |      1 |00:00:10.05 |    2228 |   2228 |       |       |          |
|   2 |   VIEW             |           |      1 |   1000K|    24M|  2231   (1)| 00:00:01 |   1000K|00:00:09.04 |    2228 |   2228 |       |       |          |
|   3 |    WINDOW BUFFER   |           |      1 |   1000K|  4882K|  2231   (1)| 00:00:01 |   1000K|00:00:07.00 |    2228 |   2228 |    51M|  2516K|   45M (0)|
|   4 |     INDEX FULL SCAN| T1_PK_IDX |      1 |   1000K|  4882K|  2231   (1)| 00:00:01 |   1000K|00:00:04.42 |    2228 |   2228 |       |       |          |
--------------------------------------------------------------------------------------------------------------------------------------------------------------

Query Block Name / Object Alias (identified by operation id):
-------------------------------------------------------------

   1 - SEL$2
   2 - SEL$1 / DATA@SEL$2
   3 - SEL$1
   4 - SEL$1 / TMAIN@SEL$1

Column Projection Information (identified by operation id):
-----------------------------------------------------------

   1 - (#keys=0) MAX("PREVIOUS_ID")[22], MIN("ID")[22]
   2 - "ID"[NUMBER,22], "PREVIOUS_ID"[NUMBER,22]
   3 - (#keys=1) "ID"[NUMBER,22], "TMAIN".ROWID[ROWID,10], COUNT(*) OVER ( ORDER BY "ID" ROWS  BETWEEN 1 PRECEDING  AND 1 PRECEDING )[22],
       FIRST_VALUE("ID") OVER ( ORDER BY "ID" ROWS  BETWEEN 1 PRECEDING  AND 1 PRECEDING )[22]
   4 - "TMAIN".ROWID[ROWID,10], "ID"[NUMBER,22]


35 rows selected.

Elapsed: 00:00:03.19
SQL> input files:
	'-'

where expression:
	((1) and ($dep==$depmin)) and ($nam=~/(?^:(?i).+)/)

group expression:
	$nam

matched call names:
	'CLOSE'
	'Disk file operations I/O'
	'EXEC'
	'FETCH'
	'PARSE'
	'SQL*Net message from client'
	'SQL*Net message to client'
	'db file sequential read'
	'row cache lock'

CALL-NAME                    DURATION       %  CALLS      MEAN       MIN       MAX
---------------------------  --------  ------  -----  --------  --------  --------
FETCH                        6.479015   65.9%      2  3.239508  0.000000  6.479015
db file sequential read      3.335925   33.9%  2,241  0.001489  0.000047  0.403809
PARSE                        0.014997    0.2%      2  0.007498  0.000000  0.014997
SQL*Net message from client  0.002166    0.0%      3  0.000722  0.000417  0.001099
EXEC                         0.001000    0.0%      2  0.000500  0.000000  0.001000
row cache lock               0.000827    0.0%      5  0.000165  0.000101  0.000240
SQL*Net message to client    0.000006    0.0%      3  0.000002  0.000001  0.000003
Disk file operations I/O     0.000002    0.0%      1  0.000002  0.000002  0.000002
CLOSE                        0.000000    0.0%      2  0.000000  0.000000  0.000000
---------------------------  --------  ------  -----  --------  --------  --------
TOTAL (9)                    9.833938  100.0%  2,261  0.004349  0.000000  6.479015

SQL> SQL> SQL> Disconnected from Oracle Database 11g Enterprise Edition Release 11.2.0.2.0 - 64bit Production
With the Partitioning, Real Application Clusters, Automatic Storage Management, OLAP,
Data Mining and Real Application Testing options
